<?xml version="1.0" encoding="utf-8" standalone="no"?>
<!--This file represents the results of running a test suite-->
<test-results name="D:\project\C#_test\DesignPattern\DesignPattern\DesignPattern\bin\Debug\ChainOfResponsibility.dll" total="1" errors="0" failures="0" not-run="0" inconclusive="0" ignored="0" skipped="0" invalid="0" date="2012-02-03" time="10:59:38">
  <environment nunit-version="2.5.9.10348" clr-version="2.0.50727.5448" os-version="Microsoft Windows NT 6.1.7601 Service Pack 1" platform="Win32NT" cwd="C:\Program Files (x86)\NUnit 2.5.9\bin\net-2.0" machine-name="DEV3" user="noda" user-domain="Dev3" />
  <culture-info current-culture="ja-JP" current-uiculture="ja-JP" />
  <test-suite type="Assembly" name="D:\project\C#_test\DesignPattern\DesignPattern\DesignPattern\bin\Debug\ChainOfResponsibility.dll" executed="True" result="Success" success="True" time="0.016" asserts="0">
    <results>
      <test-suite type="Namespace" name="DesignPatterns" executed="True" result="Success" success="True" time="0.016" asserts="0">
        <results>
          <test-suite type="Namespace" name="Command" executed="True" result="Success" success="True" time="0.016" asserts="0">
            <results>
              <test-suite type="TestFixture" name="CommandTest" executed="True" result="Success" success="True" time="0.016" asserts="0">
                <results>
                  <test-case name="DesignPatterns.Command.CommandTest.Test" executed="True" result="Success" success="True" time="0.016" asserts="2" />
                </results>
              </test-suite>
            </results>
          </test-suite>
        </results>
      </test-suite>
    </results>
  </test-suite>
</test-results>